<?xml version="1.0" encoding="UTF-8"?>
<!-- Generated by org.testng.reporters.JUnitReportReporter -->
<testsuite skipped="0" hostname="ARAVINDA-DELL-PERSONAL" name="com.skillbay.testng.OrderOfExecutionUsingPriority" tests="4" failures="0" timestamp="28 Feb 2021 02:24:14 GMT" time="0.020" errors="0">
  <testcase name="logout" time="0.012" classname="com.skillbay.testng.OrderOfExecutionUsingPriority"/>
  <testcase name="launch" time="0.003" classname="com.skillbay.testng.OrderOfExecutionUsingPriority"/>
  <testcase name="login" time="0.002" classname="com.skillbay.testng.OrderOfExecutionUsingPriority"/>
  <testcase name="createCustomer" time="0.003" classname="com.skillbay.testng.OrderOfExecutionUsingPriority"/>
</testsuite> <!-- com.skillbay.testng.OrderOfExecutionUsingPriority -->
