<?xml version="1.0" encoding="UTF-8"?>
<!-- Generated by org.testng.reporters.JUnitReportReporter -->
<testsuite skipped="0" hostname="ARAVINDA-DELL-PERSONAL" name="com.skillbay.testng.HelloWorld" tests="2" failures="0" timestamp="26 Feb 2021 03:05:31 GMT" time="0.012" errors="0">
  <testcase name="myFirstTest1" time="0.003" classname="com.skillbay.testng.HelloWorld"/>
  <testcase name="myFirstTest" time="0.009" classname="com.skillbay.testng.HelloWorld"/>
</testsuite> <!-- com.skillbay.testng.HelloWorld -->
