<?xml version="1.0" encoding="UTF-8"?>
<!-- Generated by org.testng.reporters.JUnitReportReporter -->
<testsuite skipped="0" hostname="ARAVINDA-DELL-PERSONAL" name="com.skillbay.testng.DataProviderDemo" tests="11" failures="0" timestamp="28 Feb 2021 03:06:48 GMT" time="0.030" errors="0">
  <testcase name="createcustomer" time="0.002" classname="com.skillbay.testng.DataProviderDemo"/>
  <testcase name="createproject" time="0.001" classname="com.skillbay.testng.DataProviderDemo"/>
  <testcase name="readGlobaldata" time="0.002" classname="com.skillbay.testng.DataProviderDemo"/>
  <testcase name="f" time="0.002" classname="com.skillbay.testng.DataProviderDemo"/>
  <testcase name="createproject" time="0.001" classname="com.skillbay.testng.DataProviderDemo"/>
  <testcase name="createproject" time="0.002" classname="com.skillbay.testng.DataProviderDemo"/>
  <testcase name="createcustomer" time="0.014" classname="com.skillbay.testng.DataProviderDemo"/>
  <testcase name="createcustomer" time="0.002" classname="com.skillbay.testng.DataProviderDemo"/>
  <testcase name="f" time="0.001" classname="com.skillbay.testng.DataProviderDemo"/>
  <testcase name="createcustomer" time="0.002" classname="com.skillbay.testng.DataProviderDemo"/>
  <testcase name="createproject" time="0.001" classname="com.skillbay.testng.DataProviderDemo"/>
</testsuite> <!-- com.skillbay.testng.DataProviderDemo -->
