<?xml version="1.0" encoding="UTF-8"?>
<!-- Generated by org.testng.reporters.JUnitReportReporter -->
<testsuite skipped="0" hostname="ARAVINDA-DELL-PERSONAL" name="com.skillbay.testng.ActitimeTestsWithDataDriven" tests="8" failures="0" timestamp="28 Feb 2021 03:22:31 GMT" time="96.429" errors="0">
  <testcase name="createCustomer" time="10.811" classname="com.skillbay.testng.ActitimeTestsWithDataDriven"/>
  <testcase name="createCustomer" time="10.566" classname="com.skillbay.testng.ActitimeTestsWithDataDriven"/>
  <testcase name="createCustomer" time="10.552" classname="com.skillbay.testng.ActitimeTestsWithDataDriven"/>
  <testcase name="createCustomer" time="10.506" classname="com.skillbay.testng.ActitimeTestsWithDataDriven"/>
  <testcase name="createProject" time="12.510" classname="com.skillbay.testng.ActitimeTestsWithDataDriven"/>
  <testcase name="createProject" time="10.893" classname="com.skillbay.testng.ActitimeTestsWithDataDriven"/>
  <testcase name="createProject" time="19.694" classname="com.skillbay.testng.ActitimeTestsWithDataDriven"/>
  <testcase name="createProject" time="10.897" classname="com.skillbay.testng.ActitimeTestsWithDataDriven"/>
</testsuite> <!-- com.skillbay.testng.ActitimeTestsWithDataDriven -->
