<?xml version="1.0" encoding="UTF-8"?>
<!-- Generated by org.testng.reporters.JUnitReportReporter -->
<testsuite skipped="0" hostname="ARAVINDA-DELL-PERSONAL" name="com.skillbay.testng.OrderOfExecution" tests="4" failures="0" timestamp="28 Feb 2021 02:23:00 GMT" time="0.023" errors="0">
  <testcase name="login" time="0.003" classname="com.skillbay.testng.OrderOfExecution"/>
  <testcase name="launch" time="0.016" classname="com.skillbay.testng.OrderOfExecution"/>
  <testcase name="logout" time="0.002" classname="com.skillbay.testng.OrderOfExecution"/>
  <testcase name="createCustomer" time="0.002" classname="com.skillbay.testng.OrderOfExecution"/>
</testsuite> <!-- com.skillbay.testng.OrderOfExecution -->
