<?xml version="1.0" encoding="UTF-8"?>
<!-- Generated by org.testng.reporters.JUnitReportReporter -->
<testsuite skipped="0" hostname="ARAVINDA-DELL-PERSONAL" name="com.skillbay.testng.ActitimeTests" tests="3" failures="0" timestamp="28 Feb 2021 04:12:56 GMT" time="56.745" errors="0">
  <testcase name="createTask" time="28.867" classname="com.skillbay.testng.ActitimeTests"/>
  <testcase name="createProject" time="11.348" classname="com.skillbay.testng.ActitimeTests"/>
  <testcase name="createCustomer" time="16.530" classname="com.skillbay.testng.ActitimeTests"/>
</testsuite> <!-- com.skillbay.testng.ActitimeTests -->
