<?xml version="1.0" encoding="UTF-8"?>
<!-- Generated by org.testng.reporters.JUnitReportReporter -->
<testsuite skipped="0" hostname="ARAVINDA-DELL-PERSONAL" name="com.skillbay.testng.CreateProject" tests="3" failures="0" timestamp="27 Feb 2021 03:30:32 GMT" time="43.160" errors="0">
  <testcase name="createCustomer" time="10.300" classname="com.skillbay.testng.CreateProject"/>
  <testcase name="createTask" time="21.040" classname="com.skillbay.testng.CreateProject"/>
  <testcase name="createProject" time="11.820" classname="com.skillbay.testng.CreateProject"/>
</testsuite> <!-- com.skillbay.testng.CreateProject -->
