<?xml version="1.0" encoding="UTF-8"?>
<!-- Generated by org.testng.reporters.JUnitReportReporter -->
<testsuite skipped="0" hostname="ARAVINDA-DELL-PERSONAL" name="com.skillbay.testng.js.JavaScriptExecutorDemo" tests="1" failures="0" timestamp="28 Feb 2021 04:00:56 GMT" time="12.569" errors="0">
  <testcase name="javaScriptExecutionTest" time="12.569" classname="com.skillbay.testng.js.JavaScriptExecutorDemo"/>
</testsuite> <!-- com.skillbay.testng.js.JavaScriptExecutorDemo -->
