<?xml version="1.0" encoding="UTF-8"?>
<!-- Generated by org.testng.reporters.JUnitReportReporter -->
<testsuite skipped="0" hostname="ARAVINDA-DELL-PERSONAL" name="com.skillbay.testng.test.DisableInfoBars" tests="1" failures="0" timestamp="04 Mar 2021 02:37:58 GMT" time="19.493" errors="0">
  <testcase name="testInfoBars" time="19.493" classname="com.skillbay.testng.test.DisableInfoBars"/>
</testsuite> <!-- com.skillbay.testng.test.DisableInfoBars -->
