<?xml version="1.0" encoding="UTF-8"?>
<!-- Generated by org.testng.reporters.JUnitReportReporter -->
<testsuite skipped="0" hostname="ARAVINDA-DELL-PERSONAL" name="com.skillbay.testng.test.LoginUsingGrid" tests="1" failures="0" timestamp="04 Mar 2021 02:58:44 GMT" time="15.995" errors="0">
  <testcase name="validLogin" time="15.995" classname="com.skillbay.testng.test.LoginUsingGrid"/>
</testsuite> <!-- com.skillbay.testng.test.LoginUsingGrid -->
