<?xml version="1.0" encoding="UTF-8"?>
<!-- Generated by org.testng.reporters.JUnitReportReporter -->
<testsuite skipped="0" hostname="ARAVINDA-DELL-PERSONAL" name="com.skillbay.testng.AllAnnotationsDemo" tests="1" failures="0" timestamp="26 Feb 2021 03:05:31 GMT" time="0.002" errors="0">
  <testcase name="f" time="0.002" classname="com.skillbay.testng.AllAnnotationsDemo"/>
</testsuite> <!-- com.skillbay.testng.AllAnnotationsDemo -->
