<?xml version="1.0" encoding="UTF-8"?>
<!-- Generated by org.testng.reporters.JUnitReportReporter -->
<testsuite skipped="0" hostname="ARAVINDA-DELL-PERSONAL" name="com.skillbay.testng.GroupsInTestNG" tests="4" failures="0" timestamp="28 Feb 2021 03:45:37 GMT" time="0.012" errors="0">
  <testcase name="xuv300" time="0.001" classname="com.skillbay.testng.GroupsInTestNG"/>
  <testcase name="KIAcarnival" time="0.001" classname="com.skillbay.testng.GroupsInTestNG"/>
  <testcase name="KIACeltos" time="0.009" classname="com.skillbay.testng.GroupsInTestNG"/>
  <testcase name="xuv500" time="0.001" classname="com.skillbay.testng.GroupsInTestNG"/>
</testsuite> <!-- com.skillbay.testng.GroupsInTestNG -->
