<?xml version="1.0" encoding="UTF-8"?>
<!-- Generated by org.testng.reporters.JUnitReportReporter -->
<testsuite skipped="0" hostname="ARAVINDA-DELL-PERSONAL" name="com.skillbay.testng.test.RedBusDemo" tests="1" failures="0" timestamp="06 Mar 2021 03:04:29 GMT" time="39.373" errors="0">
  <testcase name="redBusTest" time="39.373" classname="com.skillbay.testng.test.RedBusDemo"/>
</testsuite> <!-- com.skillbay.testng.test.RedBusDemo -->
