<?xml version="1.0" encoding="UTF-8"?>
<!-- Generated by org.testng.reporters.JUnitReportReporter -->
<testsuite skipped="0" hostname="ARAVINDA-DELL-PERSONAL" name="com.skillbay.testng.CreateProject" tests="3" failures="0" timestamp="27 Feb 2021 03:35:15 GMT" time="45.914" errors="0">
  <testcase name="createTask" time="21.119" classname="com.skillbay.testng.CreateProject"/>
  <testcase name="createProject" time="10.595" classname="com.skillbay.testng.CreateProject"/>
  <testcase name="createCustomer" time="14.200" classname="com.skillbay.testng.CreateProject"/>
</testsuite> <!-- com.skillbay.testng.CreateProject -->
